<?xml version="1.0" encoding="UTF-8"?>
<!-- Generated by org.testng.reporters.JUnitReportReporter -->
<testsuite skipped="0" hostname="Keto" name="Tests.HomePageTests" tests="1" failures="0" timestamp="2021-10-27T23:11:15 BRT" time="7.317" errors="0">
  <testcase name="validarExibicaoMenus" time="7.317" classname="Tests.HomePageTests"/>
  <system-out/>
</testsuite> <!-- Tests.HomePageTests -->
