<?xml version="1.0" encoding="UTF-8"?>
<!-- Generated by org.testng.reporters.JUnitReportReporter -->
<testsuite skipped="0" hostname="Keto" name="Tests.LoginTests" tests="3" failures="0" timestamp="2021-10-29T20:43:58 BRT" time="87.736" errors="0">
  <testcase name="LoginValido" time="16.128" classname="Tests.LoginTests"/>
  <system-out/>
  <testcase name="SenhaInvalido" time="29.280" classname="Tests.LoginTests"/>
  <system-out/>
  <testcase name="LoginInvalido" time="42.328" classname="Tests.LoginTests"/>
  <system-out/>
</testsuite> <!-- Tests.LoginTests -->
