<?xml version="1.0" encoding="UTF-8"?>
<!-- Generated by org.testng.reporters.JUnitReportReporter -->
<testsuite skipped="0" hostname="Keto" name="Tests.HomePageTests" tests="1" failures="0" timestamp="2021-10-29T20:47:22 BRT" time="22.597" errors="0">
  <testcase name="validarExibicaoMenus" time="22.597" classname="Tests.HomePageTests"/>
  <system-out/>
</testsuite> <!-- Tests.HomePageTests -->
