<?xml version="1.0" encoding="UTF-8"?>
<!-- Generated by org.testng.reporters.JUnitReportReporter -->
<testsuite skipped="0" hostname="Keto" name="Tests.LoginTests" tests="3" failures="0" timestamp="2021-10-29T20:47:48 BRT" time="86.596" errors="0">
  <testcase name="LoginValido" time="15.597" classname="Tests.LoginTests"/>
  <system-out/>
  <testcase name="SenhaInvalido" time="28.959" classname="Tests.LoginTests"/>
  <system-out/>
  <testcase name="LoginInvalido" time="42.040" classname="Tests.LoginTests"/>
  <system-out/>
</testsuite> <!-- Tests.LoginTests -->
