<?xml version="1.0" encoding="UTF-8"?>
<!-- Generated by org.testng.reporters.JUnitReportReporter -->
<testsuite skipped="0" hostname="Keto" name="Tests.LoginTests" tests="3" failures="0" timestamp="2021-10-27T23:11:28 BRT" time="38.166" errors="0">
  <testcase name="LoginValido" time="7.699" classname="Tests.LoginTests"/>
  <system-out/>
  <testcase name="SenhaInvalido" time="12.742" classname="Tests.LoginTests"/>
  <system-out/>
  <testcase name="LoginInvalido" time="17.725" classname="Tests.LoginTests"/>
  <system-out/>
</testsuite> <!-- Tests.LoginTests -->
