<?xml version="1.0" encoding="UTF-8"?>
<!-- Generated by org.testng.reporters.JUnitReportReporter -->
<testsuite skipped="0" hostname="Keto" name="Tests.LoginTests" tests="3" failures="0" timestamp="2021-10-29T23:09:58 BRT" time="38.176" errors="0">
  <testcase name="LoginInvalido" time="17.879" classname="Tests.LoginTests"/>
  <system-out/>
  <testcase name="SenhaInvalido" time="12.769" classname="Tests.LoginTests"/>
  <system-out/>
  <testcase name="LoginValido" time="7.528" classname="Tests.LoginTests"/>
  <system-out/>
</testsuite> <!-- Tests.LoginTests -->
