<?xml version="1.0" encoding="UTF-8"?>
<!-- Generated by org.testng.reporters.JUnitReportReporter -->
<testsuite skipped="0" hostname="Keto" name="Tests.HomePageTests" tests="1" failures="0" timestamp="2021-10-29T20:43:25 BRT" time="15.619" errors="0">
  <testcase name="validarExibicaoMenus" time="15.619" classname="Tests.HomePageTests"/>
  <system-out/>
</testsuite> <!-- Tests.HomePageTests -->
